2024-04-26 14:34:14 ERROR 400 response executing GraphQL.
2024-04-26 14:34:14 ERROR {"errors":[{"message":"name required for project query","path":["project"]}],"data":{"project":null}}
2024-04-26 14:34:14 ERROR Traceback (most recent call last):
  File "/home/iarroyof/miniconda3/envs/pt/lib/python3.11/site-packages/wandb/apis/normalize.py", line 41, in wrapper
    return func(*args, **kwargs)
           ^^^^^^^^^^^^^^^^^^^^^
  File "/home/iarroyof/miniconda3/envs/pt/lib/python3.11/site-packages/wandb/sdk/internal/internal_api.py", line 1055, in sweep
    response = self.gql(
               ^^^^^^^^^
  File "/home/iarroyof/miniconda3/envs/pt/lib/python3.11/site-packages/wandb/sdk/internal/internal_api.py", line 341, in gql
    ret = self._retry_gql(
          ^^^^^^^^^^^^^^^^
  File "/home/iarroyof/miniconda3/envs/pt/lib/python3.11/site-packages/wandb/sdk/lib/retry.py", line 131, in __call__
    result = self._call_fn(*args, **kwargs)
             ^^^^^^^^^^^^^^^^^^^^^^^^^^^^^^
  File "/home/iarroyof/miniconda3/envs/pt/lib/python3.11/site-packages/wandb/sdk/internal/internal_api.py", line 369, in execute
    return self.client.execute(*args, **kwargs)  # type: ignore
           ^^^^^^^^^^^^^^^^^^^^^^^^^^^^^^^^^^^^
  File "/home/iarroyof/miniconda3/envs/pt/lib/python3.11/site-packages/wandb/vendor/gql-0.2.0/wandb_gql/client.py", line 52, in execute
    result = self._get_result(document, *args, **kwargs)
             ^^^^^^^^^^^^^^^^^^^^^^^^^^^^^^^^^^^^^^^^^^^
  File "/home/iarroyof/miniconda3/envs/pt/lib/python3.11/site-packages/wandb/vendor/gql-0.2.0/wandb_gql/client.py", line 60, in _get_result
    return self.transport.execute(document, *args, **kwargs)
           ^^^^^^^^^^^^^^^^^^^^^^^^^^^^^^^^^^^^^^^^^^^^^^^^^
  File "/home/iarroyof/miniconda3/envs/pt/lib/python3.11/site-packages/wandb/sdk/lib/gql_request.py", line 59, in execute
    request.raise_for_status()
  File "/home/iarroyof/miniconda3/envs/pt/lib/python3.11/site-packages/requests/models.py", line 1021, in raise_for_status
    raise HTTPError(http_error_msg, response=self)
requests.exceptions.HTTPError: 400 Client Error: Bad Request for url: https://api.wandb.ai/graphql

During handling of the above exception, another exception occurred:

Traceback (most recent call last):
  File "/home/iarroyof/miniconda3/envs/pt/lib/python3.11/site-packages/wandb/cli/cli.py", line 105, in wrapper
    return func(*args, **kwargs)
           ^^^^^^^^^^^^^^^^^^^^^
  File "/home/iarroyof/miniconda3/envs/pt/lib/python3.11/site-packages/wandb/cli/cli.py", line 1757, in agent
    wandb_agent.agent(sweep_id, entity=entity, project=project, count=count)
  File "/home/iarroyof/miniconda3/envs/pt/lib/python3.11/site-packages/wandb/wandb_agent.py", line 570, in agent
    return run_agent(
           ^^^^^^^^^^
  File "/home/iarroyof/miniconda3/envs/pt/lib/python3.11/site-packages/wandb/wandb_agent.py", line 528, in run_agent
    agent.run()
  File "/home/iarroyof/miniconda3/envs/pt/lib/python3.11/site-packages/wandb/wandb_agent.py", line 190, in run
    sweep_obj = self._api.sweep(self._sweep_id, "{}")
                ^^^^^^^^^^^^^^^^^^^^^^^^^^^^^^^^^^^^^
  File "/home/iarroyof/miniconda3/envs/pt/lib/python3.11/site-packages/wandb/apis/internal.py", line 126, in sweep
    return self.api.sweep(*args, **kwargs)
           ^^^^^^^^^^^^^^^^^^^^^^^^^^^^^^^
  File "/home/iarroyof/miniconda3/envs/pt/lib/python3.11/site-packages/wandb/apis/normalize.py", line 51, in wrapper
    raise CommError(message, error)
wandb.errors.CommError: name required for project query (Error 400: Bad Request)

2024-04-26 14:37:38 ERROR 400 response executing GraphQL.
2024-04-26 14:37:38 ERROR {"errors":[{"message":"name required for project query","path":["project"]}],"data":{"project":null}}
2024-04-26 14:37:38 ERROR Traceback (most recent call last):
  File "/home/iarroyof/miniconda3/envs/pt/lib/python3.11/site-packages/wandb/apis/normalize.py", line 41, in wrapper
    return func(*args, **kwargs)
           ^^^^^^^^^^^^^^^^^^^^^
  File "/home/iarroyof/miniconda3/envs/pt/lib/python3.11/site-packages/wandb/sdk/internal/internal_api.py", line 1055, in sweep
    response = self.gql(
               ^^^^^^^^^
  File "/home/iarroyof/miniconda3/envs/pt/lib/python3.11/site-packages/wandb/sdk/internal/internal_api.py", line 341, in gql
    ret = self._retry_gql(
          ^^^^^^^^^^^^^^^^
  File "/home/iarroyof/miniconda3/envs/pt/lib/python3.11/site-packages/wandb/sdk/lib/retry.py", line 131, in __call__
    result = self._call_fn(*args, **kwargs)
             ^^^^^^^^^^^^^^^^^^^^^^^^^^^^^^
  File "/home/iarroyof/miniconda3/envs/pt/lib/python3.11/site-packages/wandb/sdk/internal/internal_api.py", line 369, in execute
    return self.client.execute(*args, **kwargs)  # type: ignore
           ^^^^^^^^^^^^^^^^^^^^^^^^^^^^^^^^^^^^
  File "/home/iarroyof/miniconda3/envs/pt/lib/python3.11/site-packages/wandb/vendor/gql-0.2.0/wandb_gql/client.py", line 52, in execute
    result = self._get_result(document, *args, **kwargs)
             ^^^^^^^^^^^^^^^^^^^^^^^^^^^^^^^^^^^^^^^^^^^
  File "/home/iarroyof/miniconda3/envs/pt/lib/python3.11/site-packages/wandb/vendor/gql-0.2.0/wandb_gql/client.py", line 60, in _get_result
    return self.transport.execute(document, *args, **kwargs)
           ^^^^^^^^^^^^^^^^^^^^^^^^^^^^^^^^^^^^^^^^^^^^^^^^^
  File "/home/iarroyof/miniconda3/envs/pt/lib/python3.11/site-packages/wandb/sdk/lib/gql_request.py", line 59, in execute
    request.raise_for_status()
  File "/home/iarroyof/miniconda3/envs/pt/lib/python3.11/site-packages/requests/models.py", line 1021, in raise_for_status
    raise HTTPError(http_error_msg, response=self)
requests.exceptions.HTTPError: 400 Client Error: Bad Request for url: https://api.wandb.ai/graphql

During handling of the above exception, another exception occurred:

Traceback (most recent call last):
  File "/home/iarroyof/miniconda3/envs/pt/lib/python3.11/site-packages/wandb/cli/cli.py", line 105, in wrapper
    return func(*args, **kwargs)
           ^^^^^^^^^^^^^^^^^^^^^
  File "/home/iarroyof/miniconda3/envs/pt/lib/python3.11/site-packages/wandb/cli/cli.py", line 1757, in agent
    wandb_agent.agent(sweep_id, entity=entity, project=project, count=count)
  File "/home/iarroyof/miniconda3/envs/pt/lib/python3.11/site-packages/wandb/wandb_agent.py", line 570, in agent
    return run_agent(
           ^^^^^^^^^^
  File "/home/iarroyof/miniconda3/envs/pt/lib/python3.11/site-packages/wandb/wandb_agent.py", line 528, in run_agent
    agent.run()
  File "/home/iarroyof/miniconda3/envs/pt/lib/python3.11/site-packages/wandb/wandb_agent.py", line 190, in run
    sweep_obj = self._api.sweep(self._sweep_id, "{}")
                ^^^^^^^^^^^^^^^^^^^^^^^^^^^^^^^^^^^^^
  File "/home/iarroyof/miniconda3/envs/pt/lib/python3.11/site-packages/wandb/apis/internal.py", line 126, in sweep
    return self.api.sweep(*args, **kwargs)
           ^^^^^^^^^^^^^^^^^^^^^^^^^^^^^^^
  File "/home/iarroyof/miniconda3/envs/pt/lib/python3.11/site-packages/wandb/apis/normalize.py", line 51, in wrapper
    raise CommError(message, error)
wandb.errors.CommError: name required for project query (Error 400: Bad Request)

2024-04-26 14:40:56 ERROR Traceback (most recent call last):
  File "/home/iarroyof/miniconda3/envs/pt/lib/python3.11/site-packages/wandb/apis/normalize.py", line 41, in wrapper
    return func(*args, **kwargs)
           ^^^^^^^^^^^^^^^^^^^^^
  File "/home/iarroyof/miniconda3/envs/pt/lib/python3.11/site-packages/wandb/sdk/internal/internal_api.py", line 1065, in sweep
    raise ValueError(f"Sweep {entity}/{project}/{sweep} not found")
ValueError: Sweep iarroyof/huggingface/bg11qv8i not found

During handling of the above exception, another exception occurred:

Traceback (most recent call last):
  File "/home/iarroyof/miniconda3/envs/pt/lib/python3.11/site-packages/wandb/cli/cli.py", line 105, in wrapper
    return func(*args, **kwargs)
           ^^^^^^^^^^^^^^^^^^^^^
  File "/home/iarroyof/miniconda3/envs/pt/lib/python3.11/site-packages/wandb/cli/cli.py", line 1757, in agent
    wandb_agent.agent(sweep_id, entity=entity, project=project, count=count)
  File "/home/iarroyof/miniconda3/envs/pt/lib/python3.11/site-packages/wandb/wandb_agent.py", line 570, in agent
    return run_agent(
           ^^^^^^^^^^
  File "/home/iarroyof/miniconda3/envs/pt/lib/python3.11/site-packages/wandb/wandb_agent.py", line 528, in run_agent
    agent.run()
  File "/home/iarroyof/miniconda3/envs/pt/lib/python3.11/site-packages/wandb/wandb_agent.py", line 190, in run
    sweep_obj = self._api.sweep(self._sweep_id, "{}")
                ^^^^^^^^^^^^^^^^^^^^^^^^^^^^^^^^^^^^^
  File "/home/iarroyof/miniconda3/envs/pt/lib/python3.11/site-packages/wandb/apis/internal.py", line 126, in sweep
    return self.api.sweep(*args, **kwargs)
           ^^^^^^^^^^^^^^^^^^^^^^^^^^^^^^^
  File "/home/iarroyof/miniconda3/envs/pt/lib/python3.11/site-packages/wandb/apis/normalize.py", line 87, in wrapper
    raise CommError(message, err).with_traceback(sys.exc_info()[2])
  File "/home/iarroyof/miniconda3/envs/pt/lib/python3.11/site-packages/wandb/apis/normalize.py", line 41, in wrapper
    return func(*args, **kwargs)
           ^^^^^^^^^^^^^^^^^^^^^
  File "/home/iarroyof/miniconda3/envs/pt/lib/python3.11/site-packages/wandb/sdk/internal/internal_api.py", line 1065, in sweep
    raise ValueError(f"Sweep {entity}/{project}/{sweep} not found")
wandb.errors.CommError: Sweep iarroyof/huggingface/bg11qv8i not found

2024-04-26 14:41:48 INFO Running runs: []
2024-04-26 14:41:49 INFO Agent received command: run
2024-04-26 14:41:49 INFO Agent starting run with config:
	batch_size: 64
	epochs: 5
	learning_rate: 0.06864623767577191
	optimizer: adamw
2024-04-26 14:41:49 INFO About to run command: /usr/bin/env python seq2seq_T5.py --batch_size=64 --epochs=5 --learning_rate=0.06864623767577191 --optimizer=adamw
2024-04-26 14:41:54 INFO Running runs: ['wlwpjr79']
2024-04-26 14:48:56 INFO Cleaning up finished run: wlwpjr79
2024-04-26 14:48:56 INFO Agent received command: run
2024-04-26 14:48:56 INFO Agent starting run with config:
	batch_size: 128
	epochs: 5
	learning_rate: 0.026522130198894187
	optimizer: adam
2024-04-26 14:48:56 INFO About to run command: /usr/bin/env python seq2seq_T5.py --batch_size=128 --epochs=5 --learning_rate=0.026522130198894187 --optimizer=adam
2024-04-26 14:49:01 INFO Running runs: ['dqzhfoa9']
2024-04-26 14:49:52 INFO Cleaning up finished run: dqzhfoa9
2024-04-26 14:49:52 INFO Agent received command: run
2024-04-26 14:49:52 INFO Agent starting run with config:
	batch_size: 32
	epochs: 5
	learning_rate: 0.024583997621946935
	optimizer: adamw
2024-04-26 14:49:52 INFO About to run command: /usr/bin/env python seq2seq_T5.py --batch_size=32 --epochs=5 --learning_rate=0.024583997621946935 --optimizer=adamw
2024-04-26 14:49:57 INFO Running runs: ['yg24g9xo']
2024-04-26 14:50:38 INFO Cleaning up finished run: yg24g9xo
2024-04-26 14:50:39 INFO Agent received command: run
2024-04-26 14:50:39 INFO Agent starting run with config:
	batch_size: 16
	epochs: 2
	learning_rate: 0.030935260695396236
	optimizer: adam
2024-04-26 14:50:39 INFO About to run command: /usr/bin/env python seq2seq_T5.py --batch_size=16 --epochs=2 --learning_rate=0.030935260695396236 --optimizer=adam
2024-04-26 14:50:44 INFO Running runs: ['dci9yde8']
2024-04-26 14:51:35 INFO Cleaning up finished run: dci9yde8
2024-04-26 14:51:35 INFO Agent received command: run
2024-04-26 14:51:35 INFO Agent starting run with config:
	batch_size: 64
	epochs: 2
	learning_rate: 0.04911896181482925
	optimizer: adamw
2024-04-26 14:51:35 INFO About to run command: /usr/bin/env python seq2seq_T5.py --batch_size=64 --epochs=2 --learning_rate=0.04911896181482925 --optimizer=adamw
2024-04-26 14:51:40 INFO Running runs: ['0r7lemn8']
2024-04-26 14:52:21 INFO Cleaning up finished run: 0r7lemn8
2024-04-26 14:52:21 INFO Agent received command: run
2024-04-26 14:52:21 INFO Agent starting run with config:
	batch_size: 16
	epochs: 2
	learning_rate: 0.08938420172706969
	optimizer: adamw
2024-04-26 14:52:21 INFO About to run command: /usr/bin/env python seq2seq_T5.py --batch_size=16 --epochs=2 --learning_rate=0.08938420172706969 --optimizer=adamw
2024-04-26 14:52:26 INFO Running runs: ['a3p5fkxj']
2024-04-26 15:26:29 INFO Cleaning up finished run: a3p5fkxj
2024-04-26 15:26:29 INFO Agent received command: run
2024-04-26 15:26:29 INFO Agent starting run with config:
	batch_size: 64
	epochs: 2
	learning_rate: 0.051212577169316216
	optimizer: adam
2024-04-26 15:26:29 INFO About to run command: /usr/bin/env python seq2seq_T5.py --batch_size=64 --epochs=2 --learning_rate=0.051212577169316216 --optimizer=adam
2024-04-26 15:26:34 INFO Running runs: ['e9b4obji']
2024-04-26 15:27:15 INFO Cleaning up finished run: e9b4obji
2024-04-26 15:27:15 INFO Agent received command: run
2024-04-26 15:27:15 INFO Agent starting run with config:
	batch_size: 128
	epochs: 5
	learning_rate: 0.04419121944628054
	optimizer: adam
2024-04-26 15:27:15 INFO About to run command: /usr/bin/env python seq2seq_T5.py --batch_size=128 --epochs=5 --learning_rate=0.04419121944628054 --optimizer=adam
2024-04-26 15:27:20 INFO Running runs: ['es1079gw']
2024-04-26 15:28:11 INFO Cleaning up finished run: es1079gw
2024-04-26 15:28:11 INFO Agent received command: run
2024-04-26 15:28:11 INFO Agent starting run with config:
	batch_size: 128
	epochs: 10
	learning_rate: 0.0012457246726726818
	optimizer: adam
2024-04-26 15:28:11 INFO About to run command: /usr/bin/env python seq2seq_T5.py --batch_size=128 --epochs=10 --learning_rate=0.0012457246726726818 --optimizer=adam
2024-04-26 15:28:16 INFO Running runs: ['wm8la5h7']
2024-04-26 17:50:36 INFO Cleaning up finished run: wm8la5h7
2024-04-26 17:50:36 INFO Agent received command: run
2024-04-26 17:50:36 INFO Agent starting run with config:
	batch_size: 64
	epochs: 5
	learning_rate: 0.06864623767577191
	optimizer: adamw
2024-04-26 17:50:36 INFO About to run command: /usr/bin/env python seq2seq_T5.py --batch_size=64 --epochs=5 --learning_rate=0.06864623767577191 --optimizer=adamw
2024-04-26 17:50:41 INFO Running runs: ['wlwpjr79']
2024-04-26 17:51:32 INFO Cleaning up finished run: wlwpjr79
2024-04-26 17:51:32 INFO Agent received command: run
2024-04-26 17:51:32 INFO Agent starting run with config:
	batch_size: 128
	epochs: 5
	learning_rate: 0.026522130198894187
	optimizer: adam
2024-04-26 17:51:32 INFO About to run command: /usr/bin/env python seq2seq_T5.py --batch_size=128 --epochs=5 --learning_rate=0.026522130198894187 --optimizer=adam
2024-04-26 17:51:37 INFO Running runs: ['dqzhfoa9']
2024-04-26 19:17:59 INFO Cleaning up finished run: dqzhfoa9
2024-04-26 19:17:59 INFO Agent received command: run
2024-04-26 19:17:59 INFO Agent starting run with config:
	batch_size: 64
	epochs: 5
	learning_rate: 0.06864623767577191
	optimizer: adamw
2024-04-26 19:17:59 INFO About to run command: /usr/bin/env python seq2seq_T5.py --batch_size=64 --epochs=5 --learning_rate=0.06864623767577191 --optimizer=adamw
2024-04-26 19:18:04 INFO Running runs: ['wlwpjr79']
2024-04-26 19:19:00 INFO Cleaning up finished run: wlwpjr79
2024-04-26 19:19:00 INFO Agent received command: run
2024-04-26 19:19:00 INFO Agent starting run with config:
	batch_size: 128
	epochs: 5
	learning_rate: 0.026522130198894187
	optimizer: adam
2024-04-26 19:19:00 INFO About to run command: /usr/bin/env python seq2seq_T5.py --batch_size=128 --epochs=5 --learning_rate=0.026522130198894187 --optimizer=adam
2024-04-26 19:19:05 INFO Running runs: ['dqzhfoa9']
2024-04-26 19:20:01 INFO Cleaning up finished run: dqzhfoa9
2024-04-26 19:20:01 INFO Agent received command: run
2024-04-26 19:20:01 INFO Agent starting run with config:
	batch_size: 32
	epochs: 5
	learning_rate: 0.024583997621946935
	optimizer: adamw
2024-04-26 19:20:01 INFO About to run command: /usr/bin/env python seq2seq_T5.py --batch_size=32 --epochs=5 --learning_rate=0.024583997621946935 --optimizer=adamw
2024-04-26 19:20:06 INFO Running runs: ['yg24g9xo']
2024-04-26 19:20:57 INFO Cleaning up finished run: yg24g9xo
2024-04-26 19:20:57 INFO Agent received command: run
2024-04-26 19:20:57 INFO Agent starting run with config:
	batch_size: 16
	epochs: 2
	learning_rate: 0.030935260695396236
	optimizer: adam
2024-04-26 19:20:57 INFO About to run command: /usr/bin/env python seq2seq_T5.py --batch_size=16 --epochs=2 --learning_rate=0.030935260695396236 --optimizer=adam
2024-04-26 19:21:02 INFO Running runs: ['dci9yde8']
2024-04-26 19:53:23 INFO Cleaning up finished run: dci9yde8
2024-04-26 19:53:23 INFO Agent received command: run
2024-04-26 19:53:23 INFO Agent starting run with config:
	batch_size: 64
	epochs: 2
	learning_rate: 0.04911896181482925
	optimizer: adamw
2024-04-26 19:53:23 INFO About to run command: /usr/bin/env python seq2seq_T5.py --batch_size=64 --epochs=2 --learning_rate=0.04911896181482925 --optimizer=adamw
2024-04-26 19:53:28 INFO Running runs: ['0r7lemn8']
2024-04-27 09:50:16 INFO Running runs: []
2024-04-27 09:50:16 INFO Agent received command: run
2024-04-27 09:50:16 INFO Agent starting run with config:
	batch_size: 32
	epochs: 8
	learning_rate: 0.001
	optimizer: adamw
2024-04-27 09:50:16 INFO About to run command: /usr/bin/env python seq2seq_T5.py --batch_size=32 --epochs=8 --learning_rate=0.001 --optimizer=adamw
2024-04-27 09:50:21 INFO Running runs: ['2t9en5wy']
2024-04-27 09:51:12 INFO Cleaning up finished run: 2t9en5wy
2024-04-27 09:51:12 INFO Agent received command: run
2024-04-27 09:51:12 INFO Agent starting run with config:
	batch_size: 32
	epochs: 2
	learning_rate: 0.001
	optimizer: adamw
2024-04-27 09:51:12 INFO About to run command: /usr/bin/env python seq2seq_T5.py --batch_size=32 --epochs=2 --learning_rate=0.001 --optimizer=adamw
2024-04-27 09:51:17 INFO Running runs: ['sm4q52d3']
2024-04-27 09:52:08 INFO Cleaning up finished run: sm4q52d3
2024-04-27 09:52:08 INFO Agent received command: run
2024-04-27 09:52:08 INFO Agent starting run with config:
	batch_size: 64
	epochs: 4
	learning_rate: 0.0001
	optimizer: adamw
2024-04-27 09:52:08 INFO About to run command: /usr/bin/env python seq2seq_T5.py --batch_size=64 --epochs=4 --learning_rate=0.0001 --optimizer=adamw
2024-04-27 09:52:13 INFO Running runs: ['9zew4cd7']
2024-04-27 09:53:04 INFO Cleaning up finished run: 9zew4cd7
2024-04-27 09:53:04 INFO Agent received command: run
2024-04-27 09:53:04 INFO Agent starting run with config:
	batch_size: 64
	epochs: 4
	learning_rate: 0.0001
	optimizer: adamw
2024-04-27 09:53:04 INFO About to run command: /usr/bin/env python seq2seq_T5.py --batch_size=64 --epochs=4 --learning_rate=0.0001 --optimizer=adamw
2024-04-27 09:53:09 INFO Running runs: ['i4mhn98n']
2024-04-27 10:52:47 INFO Cleaning up finished run: i4mhn98n
2024-04-27 10:52:47 INFO Agent received command: run
2024-04-27 10:52:47 INFO Agent starting run with config:
	batch_size: 32
	epochs: 8
	learning_rate: 0.001
	optimizer: adamw
2024-04-27 10:52:47 INFO About to run command: /usr/bin/env python seq2seq_T5.py --batch_size=32 --epochs=8 --learning_rate=0.001 --optimizer=adamw
2024-04-27 10:52:52 INFO Running runs: ['2t9en5wy']
2024-04-27 11:21:52 INFO Cleaning up finished run: 2t9en5wy
2024-04-27 11:21:52 INFO Agent received command: run
2024-04-27 11:21:52 INFO Agent starting run with config:
	batch_size: 32
	epochs: 2
	learning_rate: 0.001
	optimizer: adamw
2024-04-27 11:21:52 INFO About to run command: /usr/bin/env python seq2seq_T5.py --batch_size=32 --epochs=2 --learning_rate=0.001 --optimizer=adamw
2024-04-27 11:21:57 INFO Running runs: ['sm4q52d3']
2024-04-30 19:33:42 INFO Running runs: []
2024-04-30 19:33:42 INFO Agent received command: run
2024-04-30 19:33:42 INFO Agent starting run with config:
	batch_size: 64
	epochs: 4
	learning_rate: 0.01
	optimizer: adamw
2024-04-30 19:33:42 INFO About to run command: /usr/bin/env python seq2seq_T5.py --batch_size=64 --epochs=4 --learning_rate=0.01 --optimizer=adamw
2024-04-30 19:33:47 INFO Running runs: ['nescz2i9']
2024-04-30 19:47:35 INFO Cleaning up finished run: nescz2i9
2024-04-30 19:47:36 INFO Agent received command: run
2024-04-30 19:47:36 INFO Agent starting run with config:
	batch_size: 64
	epochs: 2
	learning_rate: 0.0001
	optimizer: adamw
2024-04-30 19:47:36 INFO About to run command: /usr/bin/env python seq2seq_T5.py --batch_size=64 --epochs=2 --learning_rate=0.0001 --optimizer=adamw
2024-04-30 19:47:41 INFO Running runs: ['3fy1vt1r']
2024-04-30 20:02:02 INFO Cleaning up finished run: 3fy1vt1r
2024-04-30 20:02:02 INFO Agent received command: run
2024-04-30 20:02:02 INFO Agent starting run with config:
	batch_size: 4
	epochs: 8
	learning_rate: 0.01
	optimizer: adam
2024-04-30 20:02:02 INFO About to run command: /usr/bin/env python seq2seq_T5.py --batch_size=4 --epochs=8 --learning_rate=0.01 --optimizer=adam
2024-04-30 20:02:07 INFO Running runs: ['6yrd2ca7']
2024-05-02 18:32:07 INFO Running runs: []
2024-05-02 18:32:07 INFO Agent received command: run
2024-05-02 18:32:07 INFO Agent starting run with config:
	batch_size: 32
	epochs: 4
	learning_rate: 0.0001
	optimizer: adam
2024-05-02 18:32:07 INFO About to run command: /usr/bin/env python seq2seq_T5.py --batch_size=32 --epochs=4 --learning_rate=0.0001 --optimizer=adam
2024-05-02 18:32:12 INFO Running runs: ['aoyq1weh']
2024-05-02 18:38:36 INFO Cleaning up finished run: aoyq1weh
2024-05-02 18:38:36 INFO Agent received command: run
2024-05-02 18:38:36 INFO Agent starting run with config:
	batch_size: 4
	epochs: 8
	learning_rate: 0.01
	optimizer: adamw
2024-05-02 18:38:36 INFO About to run command: /usr/bin/env python seq2seq_T5.py --batch_size=4 --epochs=8 --learning_rate=0.01 --optimizer=adamw
2024-05-02 18:38:41 INFO Running runs: ['0fef666o']
2024-05-02 18:41:55 INFO Cleaning up finished run: 0fef666o
2024-05-02 18:41:55 INFO Agent received command: run
2024-05-02 18:41:55 INFO Agent starting run with config:
	batch_size: 8
	epochs: 4
	learning_rate: 0.1
	optimizer: adam
2024-05-02 18:41:55 INFO About to run command: /usr/bin/env python seq2seq_T5.py --batch_size=8 --epochs=4 --learning_rate=0.1 --optimizer=adam
2024-05-02 18:42:00 INFO Running runs: ['pnbx0lnm']
2024-05-02 18:44:55 INFO Cleaning up finished run: pnbx0lnm
2024-05-02 18:44:55 INFO Agent received command: run
2024-05-02 18:44:55 INFO Agent starting run with config:
	batch_size: 32
	epochs: 4
	learning_rate: 0.01
	optimizer: adam
2024-05-02 18:44:55 INFO About to run command: /usr/bin/env python seq2seq_T5.py --batch_size=32 --epochs=4 --learning_rate=0.01 --optimizer=adam
2024-05-02 18:45:00 INFO Running runs: ['zm72k7m3']
2024-05-02 18:47:28 INFO Cleaning up finished run: zm72k7m3
2024-05-02 18:47:28 INFO Agent received command: run
2024-05-02 18:47:28 INFO Agent starting run with config:
	batch_size: 16
	epochs: 8
	learning_rate: 0.0001
	optimizer: adam
2024-05-02 18:47:28 INFO About to run command: /usr/bin/env python seq2seq_T5.py --batch_size=16 --epochs=8 --learning_rate=0.0001 --optimizer=adam
2024-05-02 18:47:33 INFO Running runs: ['u6en6655']
2024-05-02 18:48:14 INFO Cleaning up finished run: u6en6655
2024-05-02 18:48:14 INFO Agent received command: run
2024-05-02 18:48:14 INFO Agent starting run with config:
	batch_size: 64
	epochs: 4
	learning_rate: 1e-05
	optimizer: adamw
2024-05-02 18:48:14 INFO About to run command: /usr/bin/env python seq2seq_T5.py --batch_size=64 --epochs=4 --learning_rate=1e-05 --optimizer=adamw
2024-05-02 18:48:19 INFO Running runs: ['rhqwjvv8']
2024-05-02 18:50:16 INFO Cleaning up finished run: rhqwjvv8
2024-05-02 18:50:16 INFO Agent received command: run
2024-05-02 18:50:16 INFO Agent starting run with config:
	batch_size: 64
	epochs: 4
	learning_rate: 0.0001
	optimizer: adam
2024-05-02 18:50:16 INFO About to run command: /usr/bin/env python seq2seq_T5.py --batch_size=64 --epochs=4 --learning_rate=0.0001 --optimizer=adam
2024-05-02 18:50:21 INFO Running runs: ['gas680gm']
2024-05-02 18:52:16 INFO Cleaning up finished run: gas680gm
2024-05-02 18:52:16 INFO Agent received command: run
2024-05-02 18:52:16 INFO Agent starting run with config:
	batch_size: 64
	epochs: 4
	learning_rate: 0.1
	optimizer: adamw
2024-05-02 18:52:16 INFO About to run command: /usr/bin/env python seq2seq_T5.py --batch_size=64 --epochs=4 --learning_rate=0.1 --optimizer=adamw
2024-05-02 18:52:21 INFO Running runs: ['fjspbut0']
2024-05-02 18:56:17 INFO Cleaning up finished run: fjspbut0
2024-05-02 18:56:21 INFO Agent received command: run
2024-05-02 18:56:21 INFO Agent starting run with config:
	batch_size: 16
	epochs: 4
	learning_rate: 0.0001
	optimizer: adamw
2024-05-02 18:56:21 INFO About to run command: /usr/bin/env python seq2seq_T5.py --batch_size=16 --epochs=4 --learning_rate=0.0001 --optimizer=adamw
2024-05-02 18:56:26 INFO Running runs: ['pnkvmg1a']
2024-05-02 19:01:40 INFO Cleaning up finished run: pnkvmg1a
2024-05-02 19:01:40 INFO Agent received command: run
2024-05-02 19:01:40 INFO Agent starting run with config:
	batch_size: 16
	epochs: 4
	learning_rate: 0.01
	optimizer: adam
2024-05-02 19:01:40 INFO About to run command: /usr/bin/env python seq2seq_T5.py --batch_size=16 --epochs=4 --learning_rate=0.01 --optimizer=adam
2024-05-02 19:01:45 INFO Running runs: ['c3nudg8o']
2024-05-02 19:08:13 INFO Cleaning up finished run: c3nudg8o
2024-05-02 19:08:20 INFO Agent received command: run
2024-05-02 19:08:20 INFO Agent starting run with config:
	batch_size: 4
	epochs: 8
	learning_rate: 0.0001
	optimizer: adamw
2024-05-02 19:08:20 INFO About to run command: /usr/bin/env python seq2seq_T5.py --batch_size=4 --epochs=8 --learning_rate=0.0001 --optimizer=adamw
2024-05-02 19:08:25 INFO Running runs: ['toh2882o']
2024-05-02 19:22:34 INFO Cleaning up finished run: toh2882o
2024-05-02 19:22:34 INFO Agent received command: run
2024-05-02 19:22:34 INFO Agent starting run with config:
	batch_size: 8
	epochs: 8
	learning_rate: 1e-05
	optimizer: adamw
2024-05-02 19:22:34 INFO About to run command: /usr/bin/env python seq2seq_T5.py --batch_size=8 --epochs=8 --learning_rate=1e-05 --optimizer=adamw
2024-05-02 19:22:39 INFO Running runs: ['02a98tdf']
2024-05-02 19:30:41 INFO Cleaning up finished run: 02a98tdf
2024-05-02 19:30:41 INFO Agent received command: run
2024-05-02 19:30:41 INFO Agent starting run with config:
	batch_size: 8
	epochs: 2
	learning_rate: 1e-05
	optimizer: adamw
2024-05-02 19:30:41 INFO About to run command: /usr/bin/env python seq2seq_T5.py --batch_size=8 --epochs=2 --learning_rate=1e-05 --optimizer=adamw
2024-05-02 19:30:46 INFO Running runs: ['66sx5uo5']
2024-05-03 09:26:19 INFO Running runs: []
2024-05-03 09:26:19 INFO Agent received command: run
2024-05-03 09:26:19 INFO Agent starting run with config:
	batch_size: 8
	epochs: 8
	hf_model_name: google/t5-v1_1-base
	learning_rate: 1e-05
	optimizer: adamw
2024-05-03 09:26:19 INFO About to run command: /usr/bin/env python seq2seq_T5.py --batch_size=8 --epochs=8 --hf_model_name=google/t5-v1_1-base --learning_rate=1e-05 --optimizer=adamw
2024-05-03 09:26:24 INFO Running runs: ['ronzx0dy']
2024-05-03 11:12:56 INFO Cleaning up finished run: ronzx0dy
2024-05-03 11:12:56 INFO Agent received command: run
2024-05-03 11:12:56 INFO Agent starting run with config:
	batch_size: 8
	epochs: 8
	hf_model_name: google/t5-v1_1-base
	learning_rate: 1e-05
	optimizer: adamw
2024-05-03 11:12:56 INFO About to run command: /usr/bin/env python seq2seq_T5.py --batch_size=8 --epochs=8 --hf_model_name=google/t5-v1_1-base --learning_rate=1e-05 --optimizer=adamw
2024-05-03 11:13:01 INFO Running runs: ['ronzx0dy']
2024-05-03 11:15:50 INFO Cleaning up finished run: ronzx0dy
2024-05-03 11:15:51 INFO Agent received command: run
2024-05-03 11:15:51 INFO Agent starting run with config:
	batch_size: 4
	epochs: 2
	hf_model_name: google/umt5-small
	learning_rate: 1e-05
	optimizer: adam
2024-05-03 11:15:51 INFO About to run command: /usr/bin/env python seq2seq_T5.py --batch_size=4 --epochs=2 --hf_model_name=google/umt5-small --learning_rate=1e-05 --optimizer=adam
2024-05-03 11:15:56 INFO Running runs: ['yiznggl9']
2024-05-03 11:30:58 INFO Running runs: []
2024-05-03 11:30:59 INFO Agent received command: run
2024-05-03 11:30:59 INFO Agent starting run with config:
	batch_size: 4
	epochs: 2
	hf_model_name: t5-small
	learning_rate: 0.0001
	optimizer: adamw
2024-05-03 11:30:59 INFO About to run command: /usr/bin/env python seq2seq_T5.py --batch_size=4 --epochs=2 --hf_model_name=t5-small --learning_rate=0.0001 --optimizer=adamw
2024-05-03 11:31:04 INFO Running runs: ['8ke3fb0i']
2024-05-03 11:33:31 INFO Cleaning up finished run: 8ke3fb0i
2024-05-03 11:33:31 INFO Agent received command: run
2024-05-03 11:33:31 INFO Agent starting run with config:
	batch_size: 4
	epochs: 2
	hf_model_name: google/umt5-base
	learning_rate: 0.0001
	optimizer: adam
2024-05-03 11:33:31 INFO About to run command: /usr/bin/env python seq2seq_T5.py --batch_size=4 --epochs=2 --hf_model_name=google/umt5-base --learning_rate=0.0001 --optimizer=adam
2024-05-03 11:33:36 INFO Running runs: ['b0inqb1e']
2024-05-03 11:55:54 INFO Cleaning up finished run: b0inqb1e
2024-05-03 11:55:54 INFO Agent received command: run
2024-05-03 11:55:54 INFO Agent starting run with config:
	batch_size: 4
	epochs: 8
	hf_model_name: google/flan-ul2
	learning_rate: 0.001
	optimizer: adam
2024-05-03 11:55:54 INFO About to run command: /usr/bin/env python seq2seq_T5.py --batch_size=4 --epochs=8 --hf_model_name=google/flan-ul2 --learning_rate=0.001 --optimizer=adam
2024-05-03 11:55:59 INFO Running runs: ['r9vg701s']
2024-05-03 11:59:23 INFO Cleaning up finished run: r9vg701s
2024-05-03 11:59:23 INFO Agent received command: run
2024-05-03 11:59:23 INFO Agent starting run with config:
	batch_size: 4
	epochs: 8
	hf_model_name: google/t5-v1_1-base
	learning_rate: 0.0001
	optimizer: adamw
2024-05-03 11:59:23 INFO About to run command: /usr/bin/env python seq2seq_T5.py --batch_size=4 --epochs=8 --hf_model_name=google/t5-v1_1-base --learning_rate=0.0001 --optimizer=adamw
2024-05-03 11:59:28 INFO Running runs: ['4db4si8b']
2024-05-03 12:00:24 INFO Cleaning up finished run: 4db4si8b
2024-05-03 12:00:24 INFO Agent received command: run
2024-05-03 12:00:24 INFO Agent starting run with config:
	batch_size: 4
	epochs: 4
	hf_model_name: t5-large
	learning_rate: 0.0001
	optimizer: adamw
2024-05-03 12:00:24 INFO About to run command: /usr/bin/env python seq2seq_T5.py --batch_size=4 --epochs=4 --hf_model_name=t5-large --learning_rate=0.0001 --optimizer=adamw
2024-05-03 12:00:29 INFO Running runs: ['admja1gp']
2024-05-03 12:03:12 INFO Cleaning up finished run: admja1gp
2024-05-03 12:03:12 INFO Agent received command: run
2024-05-03 12:03:12 INFO Agent starting run with config:
	batch_size: 32
	epochs: 4
	hf_model_name: t5-large
	learning_rate: 0.001
	optimizer: adam
2024-05-03 12:03:12 INFO About to run command: /usr/bin/env python seq2seq_T5.py --batch_size=32 --epochs=4 --hf_model_name=t5-large --learning_rate=0.001 --optimizer=adam
2024-05-03 12:03:17 INFO Running runs: ['nyhf7ved']
2024-05-03 12:08:33 INFO Cleaning up finished run: nyhf7ved
2024-05-03 12:08:33 INFO Agent received command: run
2024-05-03 12:08:33 INFO Agent starting run with config:
	batch_size: 8
	epochs: 8
	hf_model_name: google/umt5-base
	learning_rate: 0.001
	optimizer: adamw
2024-05-03 12:08:33 INFO About to run command: /usr/bin/env python seq2seq_T5.py --batch_size=8 --epochs=8 --hf_model_name=google/umt5-base --learning_rate=0.001 --optimizer=adamw
2024-05-03 12:08:38 INFO Running runs: ['m0bqnkza']
2024-05-03 12:08:54 INFO Cleaning up finished run: m0bqnkza
2024-05-03 12:08:54 INFO Agent received command: run
2024-05-03 12:08:54 INFO Agent starting run with config:
	batch_size: 32
	epochs: 2
	hf_model_name: google/umt5-small
	learning_rate: 0.0001
	optimizer: adamw
2024-05-03 12:08:54 INFO About to run command: /usr/bin/env python seq2seq_T5.py --batch_size=32 --epochs=2 --hf_model_name=google/umt5-small --learning_rate=0.0001 --optimizer=adamw
2024-05-03 12:08:59 INFO Running runs: ['omp4sro1']
2024-05-03 12:11:47 INFO Cleaning up finished run: omp4sro1
2024-05-03 12:11:50 INFO Agent received command: run
2024-05-03 12:11:50 INFO Agent starting run with config:
	batch_size: 4
	epochs: 8
	hf_model_name: t5-small
	learning_rate: 0.001
	optimizer: adamw
2024-05-03 12:11:50 INFO About to run command: /usr/bin/env python seq2seq_T5.py --batch_size=4 --epochs=8 --hf_model_name=t5-small --learning_rate=0.001 --optimizer=adamw
2024-05-03 12:11:55 INFO Running runs: ['69fab0o0']
2024-05-03 12:12:27 INFO Cleaning up finished run: 69fab0o0
2024-05-03 12:12:27 INFO Agent received command: run
2024-05-03 12:12:27 INFO Agent starting run with config:
	batch_size: 32
	epochs: 4
	hf_model_name: google/flan-ul2
	learning_rate: 0.0001
	optimizer: adamw
2024-05-03 12:12:27 INFO About to run command: /usr/bin/env python seq2seq_T5.py --batch_size=32 --epochs=4 --hf_model_name=google/flan-ul2 --learning_rate=0.0001 --optimizer=adamw
2024-05-03 12:12:32 INFO Running runs: ['uhdv8zst']
2024-05-03 12:12:52 INFO Cleaning up finished run: uhdv8zst
2024-05-03 12:12:53 INFO Agent received command: run
2024-05-03 12:12:53 INFO Agent starting run with config:
	batch_size: 4
	epochs: 2
	hf_model_name: t5-large
	learning_rate: 0.0001
	optimizer: adamw
2024-05-03 12:12:53 INFO About to run command: /usr/bin/env python seq2seq_T5.py --batch_size=4 --epochs=2 --hf_model_name=t5-large --learning_rate=0.0001 --optimizer=adamw
2024-05-03 12:12:58 INFO Running runs: ['dw71ncpm']
2024-05-03 12:18:14 INFO Cleaning up finished run: dw71ncpm
2024-05-03 12:18:14 INFO Agent received command: run
2024-05-03 12:18:14 INFO Agent starting run with config:
	batch_size: 8
	epochs: 8
	hf_model_name: google/t5-v1_1-base
	learning_rate: 1e-05
	optimizer: adamw
2024-05-03 12:18:14 INFO About to run command: /usr/bin/env python seq2seq_T5.py --batch_size=8 --epochs=8 --hf_model_name=google/t5-v1_1-base --learning_rate=1e-05 --optimizer=adamw
2024-05-03 12:18:19 INFO Running runs: ['ronzx0dy']
2024-05-03 12:18:19 INFO Cleaning up finished run: ronzx0dy
2024-05-03 12:18:19 INFO Agent received command: run
2024-05-03 12:18:19 INFO Agent starting run with config:
	batch_size: 4
	epochs: 2
	hf_model_name: google/umt5-small
	learning_rate: 1e-05
	optimizer: adam
2024-05-03 12:18:19 INFO About to run command: /usr/bin/env python seq2seq_T5.py --batch_size=4 --epochs=2 --hf_model_name=google/umt5-small --learning_rate=1e-05 --optimizer=adam
2024-05-03 12:18:24 INFO Running runs: ['yiznggl9']
2024-05-03 12:18:24 INFO Cleaning up finished run: yiznggl9
2024-05-03 12:18:25 INFO Agent received command: run
2024-05-03 12:18:25 INFO Agent starting run with config:
	batch_size: 32
	epochs: 8
	hf_model_name: google/umt5-base
	learning_rate: 1e-05
	optimizer: adamw
2024-05-03 12:18:25 INFO About to run command: /usr/bin/env python seq2seq_T5.py --batch_size=32 --epochs=8 --hf_model_name=google/umt5-base --learning_rate=1e-05 --optimizer=adamw
2024-05-03 12:18:30 INFO Running runs: ['aa8dk8b6']
2024-05-03 12:18:30 INFO Cleaning up finished run: aa8dk8b6
2024-05-03 12:18:30 INFO Agent received command: run
2024-05-03 12:18:30 INFO Agent starting run with config:
	batch_size: 4
	epochs: 2
	hf_model_name: t5-small
	learning_rate: 1e-05
	optimizer: adamw
2024-05-03 12:18:30 INFO About to run command: /usr/bin/env python seq2seq_T5.py --batch_size=4 --epochs=2 --hf_model_name=t5-small --learning_rate=1e-05 --optimizer=adamw
2024-05-03 12:18:35 INFO Running runs: ['shc5m4fa']
2024-05-03 12:18:35 INFO Cleaning up finished run: shc5m4fa
2024-05-03 12:18:35 INFO Agent received command: run
2024-05-03 12:18:35 INFO Agent starting run with config:
	batch_size: 4
	epochs: 8
	hf_model_name: t5-base
	learning_rate: 1e-05
	optimizer: adamw
2024-05-03 12:18:35 INFO About to run command: /usr/bin/env python seq2seq_T5.py --batch_size=4 --epochs=8 --hf_model_name=t5-base --learning_rate=1e-05 --optimizer=adamw
2024-05-03 12:18:40 INFO Running runs: ['t09wj68d']
2024-05-03 12:18:40 INFO Cleaning up finished run: t09wj68d
2024-05-03 12:18:40 INFO Agent received command: run
2024-05-03 12:18:40 INFO Agent starting run with config:
	batch_size: 16
	epochs: 8
	hf_model_name: google/umt5-base
	learning_rate: 0.0001
	optimizer: adam
2024-05-03 12:18:40 INFO About to run command: /usr/bin/env python seq2seq_T5.py --batch_size=16 --epochs=8 --hf_model_name=google/umt5-base --learning_rate=0.0001 --optimizer=adam
2024-05-03 12:18:45 INFO Running runs: ['v6e5e6jx']
2024-05-03 12:18:45 INFO Cleaning up finished run: v6e5e6jx
2024-05-03 12:18:47 INFO Agent received command: run
2024-05-03 12:18:47 INFO Agent starting run with config:
	batch_size: 4
	epochs: 8
	hf_model_name: google/umt5-small
	learning_rate: 1e-05
	optimizer: adamw
2024-05-03 12:18:47 INFO About to run command: /usr/bin/env python seq2seq_T5.py --batch_size=4 --epochs=8 --hf_model_name=google/umt5-small --learning_rate=1e-05 --optimizer=adamw
2024-05-03 12:18:52 INFO Running runs: ['suo8nnp7']
2024-05-03 12:19:27 INFO Cleaning up finished run: suo8nnp7
2024-05-03 12:19:28 INFO Agent received command: run
2024-05-03 12:19:28 INFO Agent starting run with config:
	batch_size: 8
	epochs: 2
	hf_model_name: t5-large
	learning_rate: 0.0001
	optimizer: adam
2024-05-03 12:19:28 INFO About to run command: /usr/bin/env python seq2seq_T5.py --batch_size=8 --epochs=2 --hf_model_name=t5-large --learning_rate=0.0001 --optimizer=adam
2024-05-03 12:19:33 INFO Running runs: ['c59ocv1u']
2024-05-03 12:20:23 INFO Cleaning up finished run: c59ocv1u
2024-05-03 12:20:24 INFO Agent received command: run
2024-05-03 12:20:24 INFO Agent starting run with config:
	batch_size: 32
	epochs: 2
	hf_model_name: google/flan-t5-base
	learning_rate: 0.0001
	optimizer: adamw
2024-05-03 12:20:24 INFO About to run command: /usr/bin/env python seq2seq_T5.py --batch_size=32 --epochs=2 --hf_model_name=google/flan-t5-base --learning_rate=0.0001 --optimizer=adamw
2024-05-03 12:20:29 INFO Running runs: ['5erz7rqe']
2024-05-03 12:20:59 INFO Cleaning up finished run: 5erz7rqe
2024-05-03 12:21:00 INFO Agent received command: run
2024-05-03 12:21:00 INFO Agent starting run with config:
	batch_size: 8
	epochs: 8
	hf_model_name: google/umt5-base
	learning_rate: 0.0001
	optimizer: adamw
2024-05-03 12:21:00 INFO About to run command: /usr/bin/env python seq2seq_T5.py --batch_size=8 --epochs=8 --hf_model_name=google/umt5-base --learning_rate=0.0001 --optimizer=adamw
2024-05-03 12:21:05 INFO Running runs: ['9pawj5no']
2024-05-03 12:22:21 INFO Cleaning up finished run: 9pawj5no
2024-05-03 12:22:21 INFO Agent received command: run
2024-05-03 12:22:21 INFO Agent starting run with config:
	batch_size: 4
	epochs: 4
	hf_model_name: google/umt5-base
	learning_rate: 0.0001
	optimizer: adam
2024-05-03 12:22:21 INFO About to run command: /usr/bin/env python seq2seq_T5.py --batch_size=4 --epochs=4 --hf_model_name=google/umt5-base --learning_rate=0.0001 --optimizer=adam
2024-05-03 12:22:26 INFO Running runs: ['jvs3cxrh']
2024-05-03 12:23:53 INFO Cleaning up finished run: jvs3cxrh
2024-05-03 12:23:53 INFO Agent received command: run
2024-05-03 12:23:53 INFO Agent starting run with config:
	batch_size: 8
	epochs: 2
	hf_model_name: t5-large
	learning_rate: 1e-05
	optimizer: adam
2024-05-03 12:23:53 INFO About to run command: /usr/bin/env python seq2seq_T5.py --batch_size=8 --epochs=2 --hf_model_name=t5-large --learning_rate=1e-05 --optimizer=adam
2024-05-03 12:23:58 INFO Running runs: ['23vgopwv']
2024-05-03 12:24:59 INFO Cleaning up finished run: 23vgopwv
2024-05-03 12:24:59 INFO Agent received command: run
2024-05-03 12:24:59 INFO Agent starting run with config:
	batch_size: 4
	epochs: 4
	hf_model_name: t5-base
	learning_rate: 0.001
	optimizer: adam
2024-05-03 12:24:59 INFO About to run command: /usr/bin/env python seq2seq_T5.py --batch_size=4 --epochs=4 --hf_model_name=t5-base --learning_rate=0.001 --optimizer=adam
2024-05-03 12:25:04 INFO Running runs: ['fgvo8hlg']
2024-05-03 12:28:23 INFO Cleaning up finished run: fgvo8hlg
2024-05-03 12:28:23 INFO Agent received command: run
2024-05-03 12:28:23 INFO Agent starting run with config:
	batch_size: 16
	epochs: 4
	hf_model_name: t5-small
	learning_rate: 0.0001
	optimizer: adam
2024-05-03 12:28:23 INFO About to run command: /usr/bin/env python seq2seq_T5.py --batch_size=16 --epochs=4 --hf_model_name=t5-small --learning_rate=0.0001 --optimizer=adam
2024-05-03 12:28:28 INFO Running runs: ['n1kh6bop']
2024-05-03 12:29:03 INFO Cleaning up finished run: n1kh6bop
2024-05-03 12:29:04 INFO Agent received command: run
2024-05-03 12:29:04 INFO Agent starting run with config:
	batch_size: 4
	epochs: 4
	hf_model_name: google/flan-ul2
	learning_rate: 0.001
	optimizer: adamw
2024-05-03 12:29:04 INFO About to run command: /usr/bin/env python seq2seq_T5.py --batch_size=4 --epochs=4 --hf_model_name=google/flan-ul2 --learning_rate=0.001 --optimizer=adamw
2024-05-03 12:29:09 INFO Running runs: ['0rwdffg8']
2024-05-03 12:29:34 INFO Cleaning up finished run: 0rwdffg8
2024-05-03 12:29:34 INFO Agent received command: run
2024-05-03 12:29:34 INFO Agent starting run with config:
	batch_size: 32
	epochs: 2
	hf_model_name: t5-small
	learning_rate: 0.0001
	optimizer: adam
2024-05-03 12:29:34 INFO About to run command: /usr/bin/env python seq2seq_T5.py --batch_size=32 --epochs=2 --hf_model_name=t5-small --learning_rate=0.0001 --optimizer=adam
2024-05-03 12:29:39 INFO Running runs: ['doia13bc']
2024-05-03 12:33:13 INFO Cleaning up finished run: doia13bc
2024-05-03 12:33:13 INFO Agent received command: run
2024-05-03 12:33:13 INFO Agent starting run with config:
	batch_size: 4
	epochs: 2
	hf_model_name: t5-small
	learning_rate: 0.0001
	optimizer: adamw
2024-05-03 12:33:13 INFO About to run command: /usr/bin/env python seq2seq_T5.py --batch_size=4 --epochs=2 --hf_model_name=t5-small --learning_rate=0.0001 --optimizer=adamw
2024-05-03 12:33:18 INFO Running runs: ['8ke3fb0i']
2024-05-03 12:34:19 INFO Cleaning up finished run: 8ke3fb0i
2024-05-03 12:34:19 INFO Agent received command: run
2024-05-03 12:34:19 INFO Agent starting run with config:
	batch_size: 4
	epochs: 2
	hf_model_name: google/umt5-base
	learning_rate: 0.0001
	optimizer: adam
2024-05-03 12:34:19 INFO About to run command: /usr/bin/env python seq2seq_T5.py --batch_size=4 --epochs=2 --hf_model_name=google/umt5-base --learning_rate=0.0001 --optimizer=adam
2024-05-03 12:34:24 INFO Running runs: ['b0inqb1e']
2024-05-03 12:38:43 INFO Cleaning up finished run: b0inqb1e
2024-05-03 12:38:44 INFO Agent received command: run
2024-05-03 12:38:44 INFO Agent starting run with config:
	batch_size: 32
	epochs: 8
	hf_model_name: google/umt5-base
	learning_rate: 1e-05
	optimizer: adam
2024-05-03 12:38:44 INFO About to run command: /usr/bin/env python seq2seq_T5.py --batch_size=32 --epochs=8 --hf_model_name=google/umt5-base --learning_rate=1e-05 --optimizer=adam
2024-05-03 12:38:49 INFO Running runs: ['zmifmvdp']
2024-05-03 12:40:41 INFO Cleaning up finished run: zmifmvdp
2024-05-03 12:40:41 INFO Agent received command: run
2024-05-03 12:40:41 INFO Agent starting run with config:
	batch_size: 8
	epochs: 2
	hf_model_name: t5-base
	learning_rate: 0.001
	optimizer: adamw
2024-05-03 12:40:41 INFO About to run command: /usr/bin/env python seq2seq_T5.py --batch_size=8 --epochs=2 --hf_model_name=t5-base --learning_rate=0.001 --optimizer=adamw
2024-05-03 12:40:46 INFO Running runs: ['rweo1ruh']
2024-05-03 12:43:39 INFO Cleaning up finished run: rweo1ruh
2024-05-03 12:43:39 INFO Agent received command: run
2024-05-03 12:43:39 INFO Agent starting run with config:
	batch_size: 8
	epochs: 2
	hf_model_name: t5-small
	learning_rate: 0.0001
	optimizer: adam
2024-05-03 12:43:39 INFO About to run command: /usr/bin/env python seq2seq_T5.py --batch_size=8 --epochs=2 --hf_model_name=t5-small --learning_rate=0.0001 --optimizer=adam
2024-05-03 12:43:44 INFO Running runs: ['w87lbmnl']
2024-05-03 12:45:01 INFO Cleaning up finished run: w87lbmnl
2024-05-03 12:45:01 INFO Agent received command: run
2024-05-03 12:45:01 INFO Agent starting run with config:
	batch_size: 16
	epochs: 4
	hf_model_name: google/t5-v1_1-base
	learning_rate: 1e-05
	optimizer: adam
2024-05-03 12:45:01 INFO About to run command: /usr/bin/env python seq2seq_T5.py --batch_size=16 --epochs=4 --hf_model_name=google/t5-v1_1-base --learning_rate=1e-05 --optimizer=adam
2024-05-03 12:45:06 INFO Running runs: ['fsallq76']
2024-05-03 12:46:17 INFO Cleaning up finished run: fsallq76
2024-05-03 12:46:18 INFO Agent received command: run
2024-05-03 12:46:18 INFO Agent starting run with config:
	batch_size: 8
	epochs: 8
	hf_model_name: google/flan-t5-base
	learning_rate: 1e-05
	optimizer: adam
2024-05-03 12:46:18 INFO About to run command: /usr/bin/env python seq2seq_T5.py --batch_size=8 --epochs=8 --hf_model_name=google/flan-t5-base --learning_rate=1e-05 --optimizer=adam
2024-05-03 12:46:23 INFO Running runs: ['l6exe84g']
2024-05-03 12:48:05 INFO Cleaning up finished run: l6exe84g
2024-05-03 12:48:05 INFO Agent received command: run
2024-05-03 12:48:05 INFO Agent starting run with config:
	batch_size: 4
	epochs: 2
	hf_model_name: t5-base
	learning_rate: 0.0001
	optimizer: adam
2024-05-03 12:48:05 INFO About to run command: /usr/bin/env python seq2seq_T5.py --batch_size=4 --epochs=2 --hf_model_name=t5-base --learning_rate=0.0001 --optimizer=adam
2024-05-03 12:48:10 INFO Running runs: ['ehraa3wy']
2024-05-03 12:49:52 INFO Cleaning up finished run: ehraa3wy
2024-05-03 12:49:52 INFO Agent received command: run
2024-05-03 12:49:52 INFO Agent starting run with config:
	batch_size: 4
	epochs: 2
	hf_model_name: t5-small
	learning_rate: 0.0001
	optimizer: adam
2024-05-03 12:49:52 INFO About to run command: /usr/bin/env python seq2seq_T5.py --batch_size=4 --epochs=2 --hf_model_name=t5-small --learning_rate=0.0001 --optimizer=adam
2024-05-03 12:49:57 INFO Running runs: ['sgu0ju8p']
2024-05-03 12:50:17 INFO Cleaning up finished run: sgu0ju8p
2024-05-03 12:50:19 INFO Agent received command: run
2024-05-03 12:50:19 INFO Agent starting run with config:
	batch_size: 8
	epochs: 2
	hf_model_name: google/umt5-base
	learning_rate: 1e-05
	optimizer: adamw
2024-05-03 12:50:19 INFO About to run command: /usr/bin/env python seq2seq_T5.py --batch_size=8 --epochs=2 --hf_model_name=google/umt5-base --learning_rate=1e-05 --optimizer=adamw
2024-05-03 12:50:24 INFO Running runs: ['4g9qjz7g']
2024-05-03 12:52:11 INFO Cleaning up finished run: 4g9qjz7g
2024-05-03 12:52:11 INFO Agent received command: run
2024-05-03 12:52:11 INFO Agent starting run with config:
	batch_size: 16
	epochs: 2
	hf_model_name: google/flan-t5-base
	learning_rate: 0.001
	optimizer: adamw
2024-05-03 12:52:11 INFO About to run command: /usr/bin/env python seq2seq_T5.py --batch_size=16 --epochs=2 --hf_model_name=google/flan-t5-base --learning_rate=0.001 --optimizer=adamw
2024-05-03 12:52:16 INFO Running runs: ['w6zktikn']
2024-05-03 12:53:43 INFO Cleaning up finished run: w6zktikn
2024-05-03 12:53:43 INFO Agent received command: run
2024-05-03 12:53:43 INFO Agent starting run with config:
	batch_size: 32
	epochs: 8
	hf_model_name: google/umt5-base
	learning_rate: 0.001
	optimizer: adamw
2024-05-03 12:53:43 INFO About to run command: /usr/bin/env python seq2seq_T5.py --batch_size=32 --epochs=8 --hf_model_name=google/umt5-base --learning_rate=0.001 --optimizer=adamw
2024-05-03 12:53:48 INFO Running runs: ['723nl3id']
2024-05-03 12:57:22 INFO Cleaning up finished run: 723nl3id
2024-05-03 12:57:23 INFO Agent received command: run
2024-05-03 12:57:23 INFO Agent starting run with config:
	batch_size: 4
	epochs: 8
	hf_model_name: google/flan-ul2
	learning_rate: 0.001
	optimizer: adam
2024-05-03 12:57:23 INFO About to run command: /usr/bin/env python seq2seq_T5.py --batch_size=4 --epochs=8 --hf_model_name=google/flan-ul2 --learning_rate=0.001 --optimizer=adam
2024-05-03 12:57:28 INFO Running runs: ['r9vg701s']
2024-05-03 12:57:53 INFO Cleaning up finished run: r9vg701s
2024-05-03 12:57:53 INFO Agent received command: run
2024-05-03 12:57:53 INFO Agent starting run with config:
	batch_size: 8
	epochs: 2
	hf_model_name: google/flan-t5-base
	learning_rate: 0.0001
	optimizer: adamw
2024-05-03 12:57:53 INFO About to run command: /usr/bin/env python seq2seq_T5.py --batch_size=8 --epochs=2 --hf_model_name=google/flan-t5-base --learning_rate=0.0001 --optimizer=adamw
2024-05-03 12:57:58 INFO Running runs: ['s5d9ev3l']
2024-05-03 13:00:31 INFO Cleaning up finished run: s5d9ev3l
2024-05-03 13:00:31 INFO Agent received command: run
2024-05-03 13:00:31 INFO Agent starting run with config:
	batch_size: 4
	epochs: 8
	hf_model_name: google/t5-v1_1-base
	learning_rate: 0.0001
	optimizer: adamw
2024-05-03 13:00:31 INFO About to run command: /usr/bin/env python seq2seq_T5.py --batch_size=4 --epochs=8 --hf_model_name=google/t5-v1_1-base --learning_rate=0.0001 --optimizer=adamw
2024-05-03 13:00:36 INFO Running runs: ['4db4si8b']
2024-05-03 13:02:13 INFO Cleaning up finished run: 4db4si8b
2024-05-03 13:02:13 INFO Agent received command: run
2024-05-03 13:02:13 INFO Agent starting run with config:
	batch_size: 4
	epochs: 4
	hf_model_name: t5-large
	learning_rate: 0.0001
	optimizer: adamw
2024-05-03 13:02:13 INFO About to run command: /usr/bin/env python seq2seq_T5.py --batch_size=4 --epochs=4 --hf_model_name=t5-large --learning_rate=0.0001 --optimizer=adamw
2024-05-03 13:02:18 INFO Running runs: ['admja1gp']
2024-05-03 13:03:39 INFO Cleaning up finished run: admja1gp
2024-05-03 13:03:40 INFO Agent received command: run
2024-05-03 13:03:40 INFO Agent starting run with config:
	batch_size: 32
	epochs: 4
	hf_model_name: t5-large
	learning_rate: 0.001
	optimizer: adam
2024-05-03 13:03:40 INFO About to run command: /usr/bin/env python seq2seq_T5.py --batch_size=32 --epochs=4 --hf_model_name=t5-large --learning_rate=0.001 --optimizer=adam
2024-05-03 13:03:45 INFO Running runs: ['nyhf7ved']
2024-05-03 13:04:30 INFO Cleaning up finished run: nyhf7ved
2024-05-03 13:04:31 INFO Agent received command: run
2024-05-03 13:04:31 INFO Agent starting run with config:
	batch_size: 8
	epochs: 2
	hf_model_name: google/flan-ul2
	learning_rate: 0.001
	optimizer: adam
2024-05-03 13:04:31 INFO About to run command: /usr/bin/env python seq2seq_T5.py --batch_size=8 --epochs=2 --hf_model_name=google/flan-ul2 --learning_rate=0.001 --optimizer=adam
2024-05-03 13:04:36 INFO Running runs: ['mzht4gxm']
2024-05-03 13:05:26 INFO Cleaning up finished run: mzht4gxm
2024-05-03 13:05:27 INFO Agent received command: run
2024-05-03 13:05:27 INFO Agent starting run with config:
	batch_size: 8
	epochs: 2
	hf_model_name: google/flan-ul2
	learning_rate: 1e-05
	optimizer: adam
2024-05-03 13:05:27 INFO About to run command: /usr/bin/env python seq2seq_T5.py --batch_size=8 --epochs=2 --hf_model_name=google/flan-ul2 --learning_rate=1e-05 --optimizer=adam
2024-05-03 13:05:32 INFO Running runs: ['apokdc0s']
2024-05-03 13:06:28 INFO Cleaning up finished run: apokdc0s
2024-05-03 13:06:28 INFO Agent received command: run
2024-05-03 13:06:28 INFO Agent starting run with config:
	batch_size: 16
	epochs: 2
	hf_model_name: t5-base
	learning_rate: 0.0001
	optimizer: adamw
2024-05-03 13:06:28 INFO About to run command: /usr/bin/env python seq2seq_T5.py --batch_size=16 --epochs=2 --hf_model_name=t5-base --learning_rate=0.0001 --optimizer=adamw
2024-05-03 13:06:33 INFO Running runs: ['hzdjri3c']
2024-05-03 13:08:31 INFO Cleaning up finished run: hzdjri3c
2024-05-03 13:08:31 INFO Agent received command: run
2024-05-03 13:08:31 INFO Agent starting run with config:
	batch_size: 16
	epochs: 4
	hf_model_name: google/flan-t5-base
	learning_rate: 0.0001
	optimizer: adamw
2024-05-03 13:08:31 INFO About to run command: /usr/bin/env python seq2seq_T5.py --batch_size=16 --epochs=4 --hf_model_name=google/flan-t5-base --learning_rate=0.0001 --optimizer=adamw
2024-05-03 13:08:36 INFO Running runs: ['goa8la7r']
2024-05-03 13:09:37 INFO Cleaning up finished run: goa8la7r
2024-05-03 13:09:38 INFO Agent received command: run
2024-05-03 13:09:38 INFO Agent starting run with config:
	batch_size: 8
	epochs: 8
	hf_model_name: google/umt5-base
	learning_rate: 0.001
	optimizer: adamw
2024-05-03 13:09:38 INFO About to run command: /usr/bin/env python seq2seq_T5.py --batch_size=8 --epochs=8 --hf_model_name=google/umt5-base --learning_rate=0.001 --optimizer=adamw
2024-05-03 13:09:43 INFO Running runs: ['m0bqnkza']
2024-05-03 13:11:50 INFO Cleaning up finished run: m0bqnkza
2024-05-03 13:11:51 INFO Agent received command: run
2024-05-03 13:11:51 INFO Agent starting run with config:
	batch_size: 32
	epochs: 2
	hf_model_name: google/umt5-small
	learning_rate: 0.0001
	optimizer: adamw
2024-05-03 13:11:51 INFO About to run command: /usr/bin/env python seq2seq_T5.py --batch_size=32 --epochs=2 --hf_model_name=google/umt5-small --learning_rate=0.0001 --optimizer=adamw
2024-05-03 13:11:56 INFO Running runs: ['omp4sro1']
2024-05-03 13:14:28 INFO Cleaning up finished run: omp4sro1
2024-05-03 13:14:29 INFO Agent received command: run
2024-05-03 13:14:29 INFO Agent starting run with config:
	batch_size: 4
	epochs: 8
	hf_model_name: t5-small
	learning_rate: 0.001
	optimizer: adamw
2024-05-03 13:14:29 INFO About to run command: /usr/bin/env python seq2seq_T5.py --batch_size=4 --epochs=8 --hf_model_name=t5-small --learning_rate=0.001 --optimizer=adamw
2024-05-03 13:14:34 INFO Running runs: ['69fab0o0']
2024-05-03 13:16:31 INFO Cleaning up finished run: 69fab0o0
2024-05-03 13:16:31 INFO Agent received command: run
2024-05-03 13:16:31 INFO Agent starting run with config:
	batch_size: 32
	epochs: 4
	hf_model_name: google/flan-ul2
	learning_rate: 0.0001
	optimizer: adamw
2024-05-03 13:16:31 INFO About to run command: /usr/bin/env python seq2seq_T5.py --batch_size=32 --epochs=4 --hf_model_name=google/flan-ul2 --learning_rate=0.0001 --optimizer=adamw
2024-05-03 13:16:36 INFO Running runs: ['uhdv8zst']
2024-05-03 13:18:22 INFO Cleaning up finished run: uhdv8zst
2024-05-03 13:18:23 INFO Agent received command: run
2024-05-03 13:18:23 INFO Agent starting run with config:
	batch_size: 8
	epochs: 8
	hf_model_name: google/t5-v1_1-base
	learning_rate: 1e-05
	optimizer: adamw
2024-05-03 13:18:23 INFO About to run command: /usr/bin/env python seq2seq_T5.py --batch_size=8 --epochs=8 --hf_model_name=google/t5-v1_1-base --learning_rate=1e-05 --optimizer=adamw
2024-05-03 13:18:28 INFO Running runs: ['ronzx0dy']
2024-05-03 13:20:25 INFO Cleaning up finished run: ronzx0dy
2024-05-03 13:20:25 INFO Agent received command: run
2024-05-03 13:20:25 INFO Agent starting run with config:
	batch_size: 4
	epochs: 2
	hf_model_name: google/umt5-small
	learning_rate: 1e-05
	optimizer: adam
2024-05-03 13:20:25 INFO About to run command: /usr/bin/env python seq2seq_T5.py --batch_size=4 --epochs=2 --hf_model_name=google/umt5-small --learning_rate=1e-05 --optimizer=adam
2024-05-03 13:20:30 INFO Running runs: ['yiznggl9']
2024-05-03 13:22:57 INFO Cleaning up finished run: yiznggl9
2024-05-03 13:22:57 INFO Agent received command: run
2024-05-03 13:22:57 INFO Agent starting run with config:
	batch_size: 4
	epochs: 2
	hf_model_name: t5-large
	learning_rate: 0.0001
	optimizer: adamw
2024-05-03 13:22:57 INFO About to run command: /usr/bin/env python seq2seq_T5.py --batch_size=4 --epochs=2 --hf_model_name=t5-large --learning_rate=0.0001 --optimizer=adamw
2024-05-03 13:23:02 INFO Running runs: ['dw71ncpm']
2024-05-03 13:25:30 INFO Cleaning up finished run: dw71ncpm
2024-05-03 13:25:30 INFO Agent received command: run
2024-05-03 13:25:30 INFO Agent starting run with config:
	batch_size: 32
	epochs: 8
	hf_model_name: google/umt5-base
	learning_rate: 1e-05
	optimizer: adamw
2024-05-03 13:25:30 INFO About to run command: /usr/bin/env python seq2seq_T5.py --batch_size=32 --epochs=8 --hf_model_name=google/umt5-base --learning_rate=1e-05 --optimizer=adamw
2024-05-03 13:25:35 INFO Running runs: ['aa8dk8b6']
2024-05-03 13:27:01 INFO Cleaning up finished run: aa8dk8b6
2024-05-03 13:27:02 INFO Agent received command: run
2024-05-03 13:27:02 INFO Agent starting run with config:
	batch_size: 4
	epochs: 2
	hf_model_name: t5-small
	learning_rate: 1e-05
	optimizer: adamw
2024-05-03 13:27:02 INFO About to run command: /usr/bin/env python seq2seq_T5.py --batch_size=4 --epochs=2 --hf_model_name=t5-small --learning_rate=1e-05 --optimizer=adamw
2024-05-03 13:27:07 INFO Running runs: ['shc5m4fa']
2024-05-03 13:30:10 INFO Cleaning up finished run: shc5m4fa
2024-05-03 13:30:10 INFO Agent received command: run
2024-05-03 13:30:10 INFO Agent starting run with config:
	batch_size: 4
	epochs: 8
	hf_model_name: t5-base
	learning_rate: 1e-05
	optimizer: adamw
2024-05-03 13:30:10 INFO About to run command: /usr/bin/env python seq2seq_T5.py --batch_size=4 --epochs=8 --hf_model_name=t5-base --learning_rate=1e-05 --optimizer=adamw
2024-05-03 13:30:15 INFO Running runs: ['t09wj68d']
2024-05-03 13:33:28 INFO Cleaning up finished run: t09wj68d
2024-05-03 13:33:28 INFO Agent received command: run
2024-05-03 13:33:28 INFO Agent starting run with config:
	batch_size: 4
	epochs: 2
	hf_model_name: t5-small
	learning_rate: 0.0001
	optimizer: adamw
2024-05-03 13:33:28 INFO About to run command: /usr/bin/env python seq2seq_T5.py --batch_size=4 --epochs=2 --hf_model_name=t5-small --learning_rate=0.0001 --optimizer=adamw
2024-05-03 13:33:33 INFO Running runs: ['8ke3fb0i']
2024-05-03 13:35:10 INFO Cleaning up finished run: 8ke3fb0i
2024-05-03 13:35:10 INFO Agent received command: run
2024-05-03 13:35:10 INFO Agent starting run with config:
	batch_size: 4
	epochs: 2
	hf_model_name: google/umt5-base
	learning_rate: 0.0001
	optimizer: adam
2024-05-03 13:35:10 INFO About to run command: /usr/bin/env python seq2seq_T5.py --batch_size=4 --epochs=2 --hf_model_name=google/umt5-base --learning_rate=0.0001 --optimizer=adam
2024-05-03 13:35:15 INFO Running runs: ['b0inqb1e']
2024-05-03 13:35:35 INFO Cleaning up finished run: b0inqb1e
2024-05-03 13:35:35 INFO Agent received command: run
2024-05-03 13:35:35 INFO Agent starting run with config:
	batch_size: 16
	epochs: 8
	hf_model_name: google/umt5-base
	learning_rate: 0.0001
	optimizer: adam
2024-05-03 13:35:35 INFO About to run command: /usr/bin/env python seq2seq_T5.py --batch_size=16 --epochs=8 --hf_model_name=google/umt5-base --learning_rate=0.0001 --optimizer=adam
2024-05-03 13:35:40 INFO Running runs: ['v6e5e6jx']
2024-05-03 13:36:01 INFO Cleaning up finished run: v6e5e6jx
2024-05-03 13:36:01 INFO Agent received command: run
2024-05-03 13:36:01 INFO Agent starting run with config:
	batch_size: 4
	epochs: 8
	hf_model_name: google/umt5-small
	learning_rate: 1e-05
	optimizer: adamw
2024-05-03 13:36:01 INFO About to run command: /usr/bin/env python seq2seq_T5.py --batch_size=4 --epochs=8 --hf_model_name=google/umt5-small --learning_rate=1e-05 --optimizer=adamw
2024-05-03 13:36:06 INFO Running runs: ['suo8nnp7']
2024-05-03 13:37:37 INFO Cleaning up finished run: suo8nnp7
2024-05-03 13:37:38 INFO Agent received command: run
2024-05-03 13:37:38 INFO Agent starting run with config:
	batch_size: 8
	epochs: 2
	hf_model_name: t5-large
	learning_rate: 0.0001
	optimizer: adam
2024-05-03 13:37:38 INFO About to run command: /usr/bin/env python seq2seq_T5.py --batch_size=8 --epochs=2 --hf_model_name=t5-large --learning_rate=0.0001 --optimizer=adam
2024-05-03 13:37:43 INFO Running runs: ['c59ocv1u']
2024-05-03 13:39:29 INFO Cleaning up finished run: c59ocv1u
2024-05-03 13:39:30 INFO Agent received command: run
2024-05-03 13:39:30 INFO Agent starting run with config:
	batch_size: 32
	epochs: 2
	hf_model_name: google/flan-t5-base
	learning_rate: 0.0001
	optimizer: adamw
2024-05-03 13:39:30 INFO About to run command: /usr/bin/env python seq2seq_T5.py --batch_size=32 --epochs=2 --hf_model_name=google/flan-t5-base --learning_rate=0.0001 --optimizer=adamw
2024-05-03 13:39:35 INFO Running runs: ['5erz7rqe']
2024-05-03 13:40:41 INFO Cleaning up finished run: 5erz7rqe
2024-05-03 13:40:41 INFO Agent received command: run
2024-05-03 13:40:41 INFO Agent starting run with config:
	batch_size: 8
	epochs: 8
	hf_model_name: google/umt5-base
	learning_rate: 0.0001
	optimizer: adamw
2024-05-03 13:40:41 INFO About to run command: /usr/bin/env python seq2seq_T5.py --batch_size=8 --epochs=8 --hf_model_name=google/umt5-base --learning_rate=0.0001 --optimizer=adamw
2024-05-03 13:40:46 INFO Running runs: ['9pawj5no']
2024-05-03 13:42:27 INFO Cleaning up finished run: 9pawj5no
2024-05-03 13:42:28 INFO Agent received command: run
2024-05-03 13:42:28 INFO Agent starting run with config:
	batch_size: 4
	epochs: 4
	hf_model_name: google/umt5-base
	learning_rate: 0.0001
	optimizer: adam
2024-05-03 13:42:28 INFO About to run command: /usr/bin/env python seq2seq_T5.py --batch_size=4 --epochs=4 --hf_model_name=google/umt5-base --learning_rate=0.0001 --optimizer=adam
2024-05-03 13:42:33 INFO Running runs: ['jvs3cxrh']
2024-05-03 13:46:57 INFO Cleaning up finished run: jvs3cxrh
2024-05-03 13:46:57 INFO Agent received command: run
2024-05-03 13:46:57 INFO Agent starting run with config:
	batch_size: 8
	epochs: 2
	hf_model_name: t5-large
	learning_rate: 1e-05
	optimizer: adam
2024-05-03 13:46:57 INFO About to run command: /usr/bin/env python seq2seq_T5.py --batch_size=8 --epochs=2 --hf_model_name=t5-large --learning_rate=1e-05 --optimizer=adam
2024-05-03 13:47:02 INFO Running runs: ['23vgopwv']
2024-05-03 13:49:45 INFO Cleaning up finished run: 23vgopwv
2024-05-03 13:49:45 INFO Agent received command: run
2024-05-03 13:49:45 INFO Agent starting run with config:
	batch_size: 4
	epochs: 4
	hf_model_name: t5-base
	learning_rate: 0.001
	optimizer: adam
2024-05-03 13:49:45 INFO About to run command: /usr/bin/env python seq2seq_T5.py --batch_size=4 --epochs=4 --hf_model_name=t5-base --learning_rate=0.001 --optimizer=adam
2024-05-03 13:49:50 INFO Running runs: ['fgvo8hlg']
2024-05-03 13:53:39 INFO Cleaning up finished run: fgvo8hlg
2024-05-03 13:53:39 INFO Agent received command: run
2024-05-03 13:53:39 INFO Agent starting run with config:
	batch_size: 16
	epochs: 4
	hf_model_name: t5-small
	learning_rate: 0.0001
	optimizer: adam
2024-05-03 13:53:39 INFO About to run command: /usr/bin/env python seq2seq_T5.py --batch_size=16 --epochs=4 --hf_model_name=t5-small --learning_rate=0.0001 --optimizer=adam
